<?xml version="1.0" encoding="UTF-8"?>
<!-- Generated by org.testng.reporters.JUnitReportReporter -->
<testsuite hostname="win2019" failures="0" tests="1" name="com.LocatorsinSelenium.TagNameGetAttribute" time="13.627" errors="0" timestamp="2024-08-21T22:04:27 PDT" skipped="0">
  <testcase classname="com.LocatorsinSelenium.TagNameGetAttribute" name="WebElementsGetAttribute" time="13.627"/>
  <system-out/>
</testsuite> <!-- com.LocatorsinSelenium.TagNameGetAttribute -->
