<?xml version="1.0" encoding="UTF-8"?>
<!-- Generated by org.testng.reporters.JUnitReportReporter -->
<testsuite hostname="win2019" failures="0" tests="1" name="com.LocatorsinSelenium.ClassNameDemo1" time="17.133" errors="0" timestamp="2024-08-21T21:47:38 PDT" skipped="0">
  <testcase classname="com.LocatorsinSelenium.ClassNameDemo1" name="SameClassWithMultipleElements" time="17.133"/>
  <system-out/>
</testsuite> <!-- com.LocatorsinSelenium.ClassNameDemo1 -->
